<?xml version="1.0" encoding="UTF-8"?>
<!-- Generated by org.testng.reporters.JUnitXMLReporter -->
<testsuite ignored="4" hostname="TYSS-Shobha" failures="0" tests="3" name="Test" time="0.579" errors="0" timestamp="2025-02-05T19:34:56 IST">
  <testcase classname="Generic_Uilities.BaseClass" name="@BeforeClass bc" time="0.001">
    <failure type="java.lang.NullPointerException" message="Cannot invoke &amp;quot;String.equalsIgnoreCase(String)&amp;quot; because &amp;quot;BROWSER&amp;quot; is null">
      <![CDATA[java.lang.NullPointerException: Cannot invoke "String.equalsIgnoreCase(String)" because "BROWSER" is null
at Generic_Uilities.BaseClass.bc(BaseClass.java:46)
at java.base/java.util.ArrayList.forEach(ArrayList.java:1511)
... Removed 25 stack frames]]>
    </failure>
  </testcase> <!-- @BeforeClass bc -->
  <testcase classname="Generic_Uilities.BaseClass" name="@BeforeMethod bm" time="0.0">
    <skipped/>
  </testcase> <!-- @BeforeMethod bm -->
  <testcase classname="Generic_Uilities.BaseClass" name="@AfterMethod am" time="0.0">
    <skipped/>
  </testcase> <!-- @AfterMethod am -->
  <testcase classname="Generic_Uilities.BaseClass" name="@AfterClass ac" time="0.0">
    <skipped/>
  </testcase> <!-- @AfterClass ac -->
  <testcase classname="Generic_Uilities.BaseClass" name="@BeforeClass bc" time="0.0">
    <failure type="java.lang.NullPointerException" message="Cannot invoke &amp;quot;String.equalsIgnoreCase(String)&amp;quot; because &amp;quot;BROWSER&amp;quot; is null">
      <![CDATA[java.lang.NullPointerException: Cannot invoke "String.equalsIgnoreCase(String)" because "BROWSER" is null
at Generic_Uilities.BaseClass.bc(BaseClass.java:46)
at java.base/java.util.ArrayList.forEach(ArrayList.java:1511)
... Removed 25 stack frames]]>
    </failure>
  </testcase> <!-- @BeforeClass bc -->
  <testcase classname="Generic_Uilities.BaseClass" name="@BeforeMethod bm" time="0.0">
    <skipped/>
  </testcase> <!-- @BeforeMethod bm -->
  <testcase classname="Generic_Uilities.BaseClass" name="@AfterMethod am" time="0.0">
    <skipped/>
  </testcase> <!-- @AfterMethod am -->
  <testcase classname="Generic_Uilities.BaseClass" name="@BeforeMethod bm" time="0.0">
    <skipped/>
  </testcase> <!-- @BeforeMethod bm -->
  <testcase classname="Generic_Uilities.BaseClass" name="@AfterMethod am" time="0.0">
    <skipped/>
  </testcase> <!-- @AfterMethod am -->
  <testcase classname="Generic_Uilities.BaseClass" name="@AfterClass ac" time="0.0">
    <skipped/>
  </testcase> <!-- @AfterClass ac -->
  <testcase classname="Product.CreateProductTest" name="createProductTest" time="0.0">
    <skipped/>
  </testcase> <!-- createProductTest -->
  <testcase classname="Campaign.CreateCampaignTest" name="createCampaignTest" time="0.0">
    <skipped/>
  </testcase> <!-- createCampaignTest -->
  <testcase classname="Campaign.CreateCampaignTest" name="m2" time="0.0">
    <skipped/>
  </testcase> <!-- m2 -->
  <testcase classname="Generic_Uilities.BaseClass" name="@BeforeSuite bs" time="0.0">
    <ignored/>
  </testcase> <!-- @BeforeSuite bs -->
  <testcase classname="Generic_Uilities.BaseClass" name="@BeforeTest bt" time="0.0">
    <ignored/>
  </testcase> <!-- @BeforeTest bt -->
  <testcase classname="Generic_Uilities.BaseClass" name="@AfterSuite as" time="0.0">
    <ignored/>
  </testcase> <!-- @AfterSuite as -->
  <testcase classname="Generic_Uilities.BaseClass" name="@AfterTest at" time="0.0">
    <ignored/>
  </testcase> <!-- @AfterTest at -->
</testsuite> <!-- Test -->
